{"/Users/zack/Development/finance-analysis/finance-analysis/src/stores/InvestmentStore.ts": {"path":"/Users/zack/Development/finance-analysis/finance-analysis/src/stores/InvestmentStore.ts","statementMap":{"0":{"start":{"line":1,"column":0},"end":{"line":1,"column":42}},"1":{"start":{"line":17,"column":2},"end":{"line":17,"column":26}},"2":{"start":{"line":18,"column":2},"end":{"line":18,"column":15}},"3":{"start":{"line":19,"column":2},"end":{"line":19,"column":21}},"4":{"start":{"line":20,"column":2},"end":{"line":20,"column":24}},"5":{"start":{"line":21,"column":2},"end":{"line":21,"column":30}},"6":{"start":{"line":24,"column":2},"end":{"line":24,"column":36}},"7":{"start":{"line":27,"column":2},"end":{"line":27,"column":21}},"8":{"start":{"line":28,"column":2},"end":{"line":28,"column":27}},"9":{"start":{"line":29,"column":2},"end":{"line":29,"column":21}},"10":{"start":{"line":30,"column":2},"end":{"line":30,"column":21}},"11":{"start":{"line":31,"column":2},"end":{"line":31,"column":18}},"12":{"start":{"line":34,"column":4},"end":{"line":34,"column":29}},"13":{"start":{"line":39,"column":4},"end":{"line":39,"column":31}},"14":{"start":{"line":43,"column":4},"end":{"line":43,"column":23}},"15":{"start":{"line":47,"column":4},"end":{"line":47,"column":30}},"16":{"start":{"line":51,"column":4},"end":{"line":51,"column":31}},"17":{"start":{"line":55,"column":4},"end":{"line":55,"column":36}},"18":{"start":{"line":59,"column":4},"end":{"line":59,"column":29}},"19":{"start":{"line":63,"column":4},"end":{"line":63,"column":35}},"20":{"start":{"line":67,"column":4},"end":{"line":67,"column":29}},"21":{"start":{"line":71,"column":4},"end":{"line":71,"column":29}},"22":{"start":{"line":75,"column":4},"end":{"line":75,"column":26}},"23":{"start":{"line":79,"column":45},"end":{"line":79,"column":47}},"24":{"start":{"line":80,"column":29},"end":{"line":80,"column":64}},"25":{"start":{"line":81,"column":21},"end":{"line":81,"column":46}},"26":{"start":{"line":82,"column":28},"end":{"line":82,"column":62}},"27":{"start":{"line":83,"column":29},"end":{"line":83,"column":64}},"28":{"start":{"line":84,"column":34},"end":{"line":84,"column":74}},"29":{"start":{"line":86,"column":18},"end":{"line":86,"column":34}},"30":{"start":{"line":87,"column":29},"end":{"line":87,"column":45}},"31":{"start":{"line":89,"column":4},"end":{"line":114,"column":5}},"32":{"start":{"line":89,"column":20},"end":{"line":89,"column":21}},"33":{"start":{"line":90,"column":30},"end":{"line":90,"column":37}},"34":{"start":{"line":91,"column":6},"end":{"line":91,"column":78}},"35":{"start":{"line":92,"column":6},"end":{"line":92,"column":50}},"36":{"start":{"line":93,"column":28},"end":{"line":93,"column":56}},"37":{"start":{"line":94,"column":25},"end":{"line":94,"column":74}},"38":{"start":{"line":97,"column":30},"end":{"line":97,"column":72}},"39":{"start":{"line":98,"column":26},"end":{"line":98,"column":51}},"40":{"start":{"line":99,"column":32},"end":{"line":99,"column":63}},"41":{"start":{"line":100,"column":37},"end":{"line":100,"column":76}},"42":{"start":{"line":101,"column":29},"end":{"line":101,"column":57}},"43":{"start":{"line":103,"column":6},"end":{"line":113,"column":9}},"44":{"start":{"line":116,"column":4},"end":{"line":116,"column":31}},"45":{"start":{"line":121,"column":4},"end":{"line":121,"column":35}},"46":{"start":{"line":125,"column":4},"end":{"line":125,"column":57}},"47":{"start":{"line":129,"column":4},"end":{"line":129,"column":52}},"48":{"start":{"line":15,"column":0},"end":{"line":15,"column":13}},"49":{"start":{"line":133,"column":13},"end":{"line":133,"column":53}}},"fnMap":{"0":{"name":"(anonymous_0)","decl":{"start":{"line":33,"column":2},"end":{"line":33,"column":null}},"loc":{"start":{"line":33,"column":2},"end":{"line":35,"column":3}}},"1":{"name":"(anonymous_1)","decl":{"start":{"line":38,"column":2},"end":{"line":38,"column":18}},"loc":{"start":{"line":38,"column":32},"end":{"line":40,"column":3}}},"2":{"name":"(anonymous_2)","decl":{"start":{"line":42,"column":2},"end":{"line":42,"column":10}},"loc":{"start":{"line":42,"column":24},"end":{"line":44,"column":3}}},"3":{"name":"(anonymous_3)","decl":{"start":{"line":46,"column":2},"end":{"line":46,"column":17}},"loc":{"start":{"line":46,"column":31},"end":{"line":48,"column":3}}},"4":{"name":"(anonymous_4)","decl":{"start":{"line":50,"column":2},"end":{"line":50,"column":18}},"loc":{"start":{"line":50,"column":32},"end":{"line":52,"column":3}}},"5":{"name":"(anonymous_5)","decl":{"start":{"line":54,"column":2},"end":{"line":54,"column":23}},"loc":{"start":{"line":54,"column":37},"end":{"line":56,"column":3}}},"6":{"name":"(anonymous_6)","decl":{"start":{"line":58,"column":2},"end":{"line":58,"column":16}},"loc":{"start":{"line":58,"column":31},"end":{"line":60,"column":3}}},"7":{"name":"(anonymous_7)","decl":{"start":{"line":62,"column":2},"end":{"line":62,"column":22}},"loc":{"start":{"line":62,"column":37},"end":{"line":64,"column":3}}},"8":{"name":"(anonymous_8)","decl":{"start":{"line":66,"column":2},"end":{"line":66,"column":16}},"loc":{"start":{"line":66,"column":31},"end":{"line":68,"column":3}}},"9":{"name":"(anonymous_9)","decl":{"start":{"line":70,"column":2},"end":{"line":70,"column":16}},"loc":{"start":{"line":70,"column":31},"end":{"line":72,"column":3}}},"10":{"name":"(anonymous_10)","decl":{"start":{"line":74,"column":2},"end":{"line":74,"column":13}},"loc":{"start":{"line":74,"column":28},"end":{"line":76,"column":3}}},"11":{"name":"(anonymous_11)","decl":{"start":{"line":78,"column":2},"end":{"line":78,"column":21}},"loc":{"start":{"line":78,"column":21},"end":{"line":117,"column":3}}},"12":{"name":"(anonymous_12)","decl":{"start":{"line":120,"column":2},"end":{"line":120,"column":6}},"loc":{"start":{"line":120,"column":16},"end":{"line":122,"column":3}}},"13":{"name":"(anonymous_13)","decl":{"start":{"line":124,"column":2},"end":{"line":124,"column":6}},"loc":{"start":{"line":124,"column":17},"end":{"line":126,"column":3}}},"14":{"name":"(anonymous_14)","decl":{"start":{"line":128,"column":2},"end":{"line":128,"column":6}},"loc":{"start":{"line":128,"column":30},"end":{"line":130,"column":3}}}},"branchMap":{"0":{"loc":{"start":{"line":80,"column":29},"end":{"line":80,"column":64}},"type":"binary-expr","locations":[{"start":{"line":80,"column":29},"end":{"line":80,"column":59}},{"start":{"line":80,"column":63},"end":{"line":80,"column":64}}]},"1":{"loc":{"start":{"line":81,"column":21},"end":{"line":81,"column":46}},"type":"binary-expr","locations":[{"start":{"line":81,"column":21},"end":{"line":81,"column":41}},{"start":{"line":81,"column":45},"end":{"line":81,"column":46}}]},"2":{"loc":{"start":{"line":82,"column":28},"end":{"line":82,"column":62}},"type":"binary-expr","locations":[{"start":{"line":82,"column":28},"end":{"line":82,"column":57}},{"start":{"line":82,"column":61},"end":{"line":82,"column":62}}]},"3":{"loc":{"start":{"line":83,"column":29},"end":{"line":83,"column":64}},"type":"binary-expr","locations":[{"start":{"line":83,"column":29},"end":{"line":83,"column":59}},{"start":{"line":83,"column":63},"end":{"line":83,"column":64}}]},"4":{"loc":{"start":{"line":84,"column":34},"end":{"line":84,"column":74}},"type":"binary-expr","locations":[{"start":{"line":84,"column":34},"end":{"line":84,"column":69}},{"start":{"line":84,"column":73},"end":{"line":84,"column":74}}]},"5":{"loc":{"start":{"line":125,"column":11},"end":{"line":125,"column":56}},"type":"binary-expr","locations":[{"start":{"line":125,"column":11},"end":{"line":125,"column":48}},{"start":{"line":125,"column":52},"end":{"line":125,"column":56}}]},"6":{"loc":{"start":{"line":129,"column":11},"end":{"line":129,"column":51}},"type":"binary-expr","locations":[{"start":{"line":129,"column":11},"end":{"line":129,"column":46}},{"start":{"line":129,"column":50},"end":{"line":129,"column":51}}]}},"s":{"0":1,"1":25,"2":25,"3":25,"4":25,"5":25,"6":25,"7":25,"8":25,"9":25,"10":25,"11":25,"12":25,"13":9,"14":10,"15":9,"16":7,"17":12,"18":1,"19":1,"20":1,"21":1,"22":1,"23":10,"24":10,"25":10,"26":10,"27":10,"28":10,"29":10,"30":10,"31":10,"32":10,"33":24,"34":24,"35":24,"36":24,"37":24,"38":24,"39":24,"40":24,"41":24,"42":24,"43":24,"44":10,"45":4,"46":5,"47":4,"48":1,"49":1},"f":{"0":25,"1":9,"2":10,"3":9,"4":7,"5":12,"6":1,"7":1,"8":1,"9":1,"10":1,"11":10,"12":4,"13":5,"14":4},"b":{"0":[10,1],"1":[10,1],"2":[10,2],"3":[10,1],"4":[10,3],"5":[5,2],"6":[4,2]}}
}
