TN:
SF:src/stores/InvestmentStore.ts
FN:33,(anonymous_0)
FN:38,(anonymous_1)
FN:42,(anonymous_2)
FN:46,(anonymous_3)
FN:50,(anonymous_4)
FN:54,(anonymous_5)
FN:58,(anonymous_6)
FN:62,(anonymous_7)
FN:66,(anonymous_8)
FN:70,(anonymous_9)
FN:74,(anonymous_10)
FN:78,(anonymous_11)
FN:120,(anonymous_12)
FN:124,(anonymous_13)
FN:128,(anonymous_14)
FNF:15
FNH:15
FNDA:25,(anonymous_0)
FNDA:9,(anonymous_1)
FNDA:10,(anonymous_2)
FNDA:9,(anonymous_3)
FNDA:7,(anonymous_4)
FNDA:12,(anonymous_5)
FNDA:1,(anonymous_6)
FNDA:1,(anonymous_7)
FNDA:1,(anonymous_8)
FNDA:1,(anonymous_9)
FNDA:1,(anonymous_10)
FNDA:10,(anonymous_11)
FNDA:4,(anonymous_12)
FNDA:5,(anonymous_13)
FNDA:4,(anonymous_14)
DA:1,1
DA:15,1
DA:17,25
DA:18,25
DA:19,25
DA:20,25
DA:21,25
DA:24,25
DA:27,25
DA:28,25
DA:29,25
DA:30,25
DA:31,25
DA:34,25
DA:39,9
DA:43,10
DA:47,9
DA:51,7
DA:55,12
DA:59,1
DA:63,1
DA:67,1
DA:71,1
DA:75,1
DA:79,10
DA:80,10
DA:81,10
DA:82,10
DA:83,10
DA:84,10
DA:86,10
DA:87,10
DA:89,10
DA:90,24
DA:91,24
DA:92,24
DA:93,24
DA:94,24
DA:97,24
DA:98,24
DA:99,24
DA:100,24
DA:101,24
DA:103,24
DA:116,10
DA:121,4
DA:125,5
DA:129,4
DA:133,1
LF:49
LH:49
BRDA:80,0,0,10
BRDA:80,0,1,1
BRDA:81,1,0,10
BRDA:81,1,1,1
BRDA:82,2,0,10
BRDA:82,2,1,2
BRDA:83,3,0,10
BRDA:83,3,1,1
BRDA:84,4,0,10
BRDA:84,4,1,3
BRDA:125,5,0,5
BRDA:125,5,1,2
BRDA:129,6,0,4
BRDA:129,6,1,2
BRF:14
BRH:14
end_of_record
